<?xml version="1.0" encoding="UTF-8"?>
<testng-results ignored="0" total="1" passed="1" failed="0" skipped="0">
  <reporter-output>
  </reporter-output>
  <suite started-at="2022-06-25T16:56:21 PDT" name="Default suite" finished-at="2022-06-25T16:56:36 PDT" duration-ms="14985">
    <groups>
    </groups>
    <test started-at="2022-06-25T16:56:21 PDT" name="Default test" finished-at="2022-06-25T16:56:36 PDT" duration-ms="14985">
      <class name="com.inetbankg.testCases.TC_LoginTest_001">
        <test-method is-config="true" signature="Setup()[pri:0, instance:com.inetbankg.testCases.TC_LoginTest_001@6aeb35e6]" started-at="2022-06-25T16:56:21 PDT" name="Setup" finished-at="2022-06-25T16:56:26 PDT" duration-ms="4546" status="PASS">
          <reporter-output>
          </reporter-output>
        </test-method> <!-- Setup -->
        <test-method signature="logintest()[pri:0, instance:com.inetbankg.testCases.TC_LoginTest_001@6aeb35e6]" started-at="2022-06-25T16:56:26 PDT" name="logintest" finished-at="2022-06-25T16:56:36 PDT" duration-ms="9978" status="PASS">
          <reporter-output>
          </reporter-output>
        </test-method> <!-- logintest -->
        <test-method is-config="true" signature="teardown()[pri:0, instance:com.inetbankg.testCases.TC_LoginTest_001@6aeb35e6]" started-at="2022-06-25T16:56:36 PDT" name="teardown" finished-at="2022-06-25T16:56:36 PDT" duration-ms="357" status="PASS">
          <reporter-output>
          </reporter-output>
        </test-method> <!-- teardown -->
      </class> <!-- com.inetbankg.testCases.TC_LoginTest_001 -->
    </test> <!-- Default test -->
  </suite> <!-- Default suite -->
</testng-results>
